/usr/local/opt/rbenv/versions/2.1.5/bin/ruby -r ./siteconf20151206-12099-1sh49t6.rb extconf.rb
>>>>> Creating Makefile for ruby version 2.1.5 on x86_64-linux <<<<<
creating Makefile

make "DESTDIR=" clean

make "DESTDIR="
compiling strict.c
compiling hash.c
compiling resolve.c
compiling dump.c
compiling odd.c
compiling parse.c
compiling reader.c
compiling val_stack.c
compiling object.c
compiling compat.c
compiling circarray.c
compiling hash_test.c
compiling fast.c
compiling err.c
compiling saj.c
compiling oj.c
compiling scp.c
compiling sparse.c
compiling cache8.c
linking shared-object oj/oj.so

make "DESTDIR=" install
/usr/bin/install -c -m 0755 oj.so ./.gem.20151206-12099-1fwoej1/oj
installing default oj libraries
